  Source.cpp
c:\users\conor\documents\visual studio 2015\projects\linkedlistpractice\linkedlistpractice\source.cpp(36): warning C4996: 'scanf': This function or variable may be unsafe. Consider using scanf_s instead. To disable deprecation, use _CRT_SECURE_NO_WARNINGS. See online help for details.
  c:\program files (x86)\windows kits\10\include\10.0.10240.0\ucrt\stdio.h(1270): note: see declaration of 'scanf'
c:\users\conor\documents\visual studio 2015\projects\linkedlistpractice\linkedlistpractice\source.cpp(59): warning C4473: 'printf' : not enough arguments passed for format string
  c:\users\conor\documents\visual studio 2015\projects\linkedlistpractice\linkedlistpractice\source.cpp(59): note: placeholders and their parameters expect 2 variadic arguments, but 0 were provided
  c:\users\conor\documents\visual studio 2015\projects\linkedlistpractice\linkedlistpractice\source.cpp(59): note: the missing variadic argument 1 is required by format string '% o'
c:\users\conor\documents\visual studio 2015\projects\linkedlistpractice\linkedlistpractice\source.cpp(60): warning C4473: 'printf' : not enough arguments passed for format string
  c:\users\conor\documents\visual studio 2015\projects\linkedlistpractice\linkedlistpractice\source.cpp(60): note: placeholders and their parameters expect 2 variadic arguments, but 0 were provided
  c:\users\conor\documents\visual studio 2015\projects\linkedlistpractice\linkedlistpractice\source.cpp(60): note: the missing variadic argument 1 is required by format string '% o'
c:\users\conor\documents\visual studio 2015\projects\linkedlistpractice\linkedlistpractice\source.cpp(62): warning C4996: 'scanf': This function or variable may be unsafe. Consider using scanf_s instead. To disable deprecation, use _CRT_SECURE_NO_WARNINGS. See online help for details.
  c:\program files (x86)\windows kits\10\include\10.0.10240.0\ucrt\stdio.h(1270): note: see declaration of 'scanf'
c:\users\conor\documents\visual studio 2015\projects\linkedlistpractice\linkedlistpractice\source.cpp(73): warning C4996: 'scanf': This function or variable may be unsafe. Consider using scanf_s instead. To disable deprecation, use _CRT_SECURE_NO_WARNINGS. See online help for details.
  c:\program files (x86)\windows kits\10\include\10.0.10240.0\ucrt\stdio.h(1270): note: see declaration of 'scanf'
c:\users\conor\documents\visual studio 2015\projects\linkedlistpractice\linkedlistpractice\source.cpp(75): warning C4996: 'scanf': This function or variable may be unsafe. Consider using scanf_s instead. To disable deprecation, use _CRT_SECURE_NO_WARNINGS. See online help for details.
  c:\program files (x86)\windows kits\10\include\10.0.10240.0\ucrt\stdio.h(1270): note: see declaration of 'scanf'
c:\users\conor\documents\visual studio 2015\projects\linkedlistpractice\linkedlistpractice\source.cpp(77): warning C4996: 'scanf': This function or variable may be unsafe. Consider using scanf_s instead. To disable deprecation, use _CRT_SECURE_NO_WARNINGS. See online help for details.
  c:\program files (x86)\windows kits\10\include\10.0.10240.0\ucrt\stdio.h(1270): note: see declaration of 'scanf'
c:\users\conor\documents\visual studio 2015\projects\linkedlistpractice\linkedlistpractice\source.cpp(79): warning C4996: 'scanf': This function or variable may be unsafe. Consider using scanf_s instead. To disable deprecation, use _CRT_SECURE_NO_WARNINGS. See online help for details.
  c:\program files (x86)\windows kits\10\include\10.0.10240.0\ucrt\stdio.h(1270): note: see declaration of 'scanf'
c:\users\conor\documents\visual studio 2015\projects\linkedlistpractice\linkedlistpractice\source.cpp(81): warning C4996: 'scanf': This function or variable may be unsafe. Consider using scanf_s instead. To disable deprecation, use _CRT_SECURE_NO_WARNINGS. See online help for details.
  c:\program files (x86)\windows kits\10\include\10.0.10240.0\ucrt\stdio.h(1270): note: see declaration of 'scanf'
c:\users\conor\documents\visual studio 2015\projects\linkedlistpractice\linkedlistpractice\source.cpp(83): warning C4996: 'scanf': This function or variable may be unsafe. Consider using scanf_s instead. To disable deprecation, use _CRT_SECURE_NO_WARNINGS. See online help for details.
  c:\program files (x86)\windows kits\10\include\10.0.10240.0\ucrt\stdio.h(1270): note: see declaration of 'scanf'
c:\users\conor\documents\visual studio 2015\projects\linkedlistpractice\linkedlistpractice\source.cpp(85): warning C4996: 'scanf': This function or variable may be unsafe. Consider using scanf_s instead. To disable deprecation, use _CRT_SECURE_NO_WARNINGS. See online help for details.
  c:\program files (x86)\windows kits\10\include\10.0.10240.0\ucrt\stdio.h(1270): note: see declaration of 'scanf'
c:\users\conor\documents\visual studio 2015\projects\linkedlistpractice\linkedlistpractice\source.cpp(87): warning C4996: 'scanf': This function or variable may be unsafe. Consider using scanf_s instead. To disable deprecation, use _CRT_SECURE_NO_WARNINGS. See online help for details.
  c:\program files (x86)\windows kits\10\include\10.0.10240.0\ucrt\stdio.h(1270): note: see declaration of 'scanf'
c:\users\conor\documents\visual studio 2015\projects\linkedlistpractice\linkedlistpractice\source.cpp(89): warning C4996: 'scanf': This function or variable may be unsafe. Consider using scanf_s instead. To disable deprecation, use _CRT_SECURE_NO_WARNINGS. See online help for details.
  c:\program files (x86)\windows kits\10\include\10.0.10240.0\ucrt\stdio.h(1270): note: see declaration of 'scanf'
c:\users\conor\documents\visual studio 2015\projects\linkedlistpractice\linkedlistpractice\source.cpp(91): warning C4996: 'scanf': This function or variable may be unsafe. Consider using scanf_s instead. To disable deprecation, use _CRT_SECURE_NO_WARNINGS. See online help for details.
  c:\program files (x86)\windows kits\10\include\10.0.10240.0\ucrt\stdio.h(1270): note: see declaration of 'scanf'
c:\users\conor\documents\visual studio 2015\projects\linkedlistpractice\linkedlistpractice\source.cpp(93): warning C4996: 'scanf': This function or variable may be unsafe. Consider using scanf_s instead. To disable deprecation, use _CRT_SECURE_NO_WARNINGS. See online help for details.
  c:\program files (x86)\windows kits\10\include\10.0.10240.0\ucrt\stdio.h(1270): note: see declaration of 'scanf'
c:\users\conor\documents\visual studio 2015\projects\linkedlistpractice\linkedlistpractice\source.cpp(95): warning C4996: 'scanf': This function or variable may be unsafe. Consider using scanf_s instead. To disable deprecation, use _CRT_SECURE_NO_WARNINGS. See online help for details.
  c:\program files (x86)\windows kits\10\include\10.0.10240.0\ucrt\stdio.h(1270): note: see declaration of 'scanf'
c:\users\conor\documents\visual studio 2015\projects\linkedlistpractice\linkedlistpractice\source.cpp(97): warning C4996: 'scanf': This function or variable may be unsafe. Consider using scanf_s instead. To disable deprecation, use _CRT_SECURE_NO_WARNINGS. See online help for details.
  c:\program files (x86)\windows kits\10\include\10.0.10240.0\ucrt\stdio.h(1270): note: see declaration of 'scanf'
c:\users\conor\documents\visual studio 2015\projects\linkedlistpractice\linkedlistpractice\source.cpp(128): warning C4996: 'scanf': This function or variable may be unsafe. Consider using scanf_s instead. To disable deprecation, use _CRT_SECURE_NO_WARNINGS. See online help for details.
  c:\program files (x86)\windows kits\10\include\10.0.10240.0\ucrt\stdio.h(1270): note: see declaration of 'scanf'
c:\users\conor\documents\visual studio 2015\projects\linkedlistpractice\linkedlistpractice\source.cpp(130): warning C4996: 'scanf': This function or variable may be unsafe. Consider using scanf_s instead. To disable deprecation, use _CRT_SECURE_NO_WARNINGS. See online help for details.
  c:\program files (x86)\windows kits\10\include\10.0.10240.0\ucrt\stdio.h(1270): note: see declaration of 'scanf'
c:\users\conor\documents\visual studio 2015\projects\linkedlistpractice\linkedlistpractice\source.cpp(132): warning C4996: 'scanf': This function or variable may be unsafe. Consider using scanf_s instead. To disable deprecation, use _CRT_SECURE_NO_WARNINGS. See online help for details.
  c:\program files (x86)\windows kits\10\include\10.0.10240.0\ucrt\stdio.h(1270): note: see declaration of 'scanf'
c:\users\conor\documents\visual studio 2015\projects\linkedlistpractice\linkedlistpractice\source.cpp(134): warning C4996: 'scanf': This function or variable may be unsafe. Consider using scanf_s instead. To disable deprecation, use _CRT_SECURE_NO_WARNINGS. See online help for details.
  c:\program files (x86)\windows kits\10\include\10.0.10240.0\ucrt\stdio.h(1270): note: see declaration of 'scanf'
c:\users\conor\documents\visual studio 2015\projects\linkedlistpractice\linkedlistpractice\source.cpp(136): warning C4996: 'scanf': This function or variable may be unsafe. Consider using scanf_s instead. To disable deprecation, use _CRT_SECURE_NO_WARNINGS. See online help for details.
  c:\program files (x86)\windows kits\10\include\10.0.10240.0\ucrt\stdio.h(1270): note: see declaration of 'scanf'
c:\users\conor\documents\visual studio 2015\projects\linkedlistpractice\linkedlistpractice\source.cpp(138): warning C4996: 'scanf': This function or variable may be unsafe. Consider using scanf_s instead. To disable deprecation, use _CRT_SECURE_NO_WARNINGS. See online help for details.
  c:\program files (x86)\windows kits\10\include\10.0.10240.0\ucrt\stdio.h(1270): note: see declaration of 'scanf'
c:\users\conor\documents\visual studio 2015\projects\linkedlistpractice\linkedlistpractice\source.cpp(140): warning C4996: 'scanf': This function or variable may be unsafe. Consider using scanf_s instead. To disable deprecation, use _CRT_SECURE_NO_WARNINGS. See online help for details.
  c:\program files (x86)\windows kits\10\include\10.0.10240.0\ucrt\stdio.h(1270): note: see declaration of 'scanf'
c:\users\conor\documents\visual studio 2015\projects\linkedlistpractice\linkedlistpractice\source.cpp(142): warning C4996: 'scanf': This function or variable may be unsafe. Consider using scanf_s instead. To disable deprecation, use _CRT_SECURE_NO_WARNINGS. See online help for details.
  c:\program files (x86)\windows kits\10\include\10.0.10240.0\ucrt\stdio.h(1270): note: see declaration of 'scanf'
c:\users\conor\documents\visual studio 2015\projects\linkedlistpractice\linkedlistpractice\source.cpp(144): warning C4996: 'scanf': This function or variable may be unsafe. Consider using scanf_s instead. To disable deprecation, use _CRT_SECURE_NO_WARNINGS. See online help for details.
  c:\program files (x86)\windows kits\10\include\10.0.10240.0\ucrt\stdio.h(1270): note: see declaration of 'scanf'
c:\users\conor\documents\visual studio 2015\projects\linkedlistpractice\linkedlistpractice\source.cpp(146): warning C4996: 'scanf': This function or variable may be unsafe. Consider using scanf_s instead. To disable deprecation, use _CRT_SECURE_NO_WARNINGS. See online help for details.
  c:\program files (x86)\windows kits\10\include\10.0.10240.0\ucrt\stdio.h(1270): note: see declaration of 'scanf'
c:\users\conor\documents\visual studio 2015\projects\linkedlistpractice\linkedlistpractice\source.cpp(148): warning C4996: 'scanf': This function or variable may be unsafe. Consider using scanf_s instead. To disable deprecation, use _CRT_SECURE_NO_WARNINGS. See online help for details.
  c:\program files (x86)\windows kits\10\include\10.0.10240.0\ucrt\stdio.h(1270): note: see declaration of 'scanf'
c:\users\conor\documents\visual studio 2015\projects\linkedlistpractice\linkedlistpractice\source.cpp(150): warning C4996: 'scanf': This function or variable may be unsafe. Consider using scanf_s instead. To disable deprecation, use _CRT_SECURE_NO_WARNINGS. See online help for details.
  c:\program files (x86)\windows kits\10\include\10.0.10240.0\ucrt\stdio.h(1270): note: see declaration of 'scanf'
c:\users\conor\documents\visual studio 2015\projects\linkedlistpractice\linkedlistpractice\source.cpp(152): warning C4996: 'scanf': This function or variable may be unsafe. Consider using scanf_s instead. To disable deprecation, use _CRT_SECURE_NO_WARNINGS. See online help for details.
  c:\program files (x86)\windows kits\10\include\10.0.10240.0\ucrt\stdio.h(1270): note: see declaration of 'scanf'
  LinkedListPractice.vcxproj -> c:\users\conor\documents\visual studio 2015\Projects\LinkedListPractice\Debug\LinkedListPractice.exe
  LinkedListPractice.vcxproj -> c:\users\conor\documents\visual studio 2015\Projects\LinkedListPractice\Debug\LinkedListPractice.pdb (Full PDB)
